2026-06-18 00:31:12,053 I server_launcher.py:535 开始启动所有服务器...
2026-06-18 00:31:12,055 I server_launcher.py:387 系统监控初始化，当前日期: 18
2026-06-18 00:31:12,055 I server_launcher.py:541 系统监控已启动
2026-06-18 00:31:12,056 I server_launcher.py:544 正在启动网页服务器 (文件浏览器+网页控制台+LocalProxy服务器)...
2026-06-18 00:31:12,058 I server_launcher.py:548 网页服务器已启动在端口: 8888, 控制台用户名: , 控制台密码: 230728; LocalProxy官网用户名: , LocalProxy官网密码: yshnb666
2026-06-18 00:31:12,071 I server_launcher.py:554 正在启动WebSocket服务器...
2026-06-18 00:31:12,088 I server_launcher.py:560 正在启动FTP服务器...
2026-06-18 00:31:12,089 I server_launcher.py:564 FTP服务器已启动在端口: 2121, 用户名: admin, 密码: 230728, 根目录: /, USB目录: /mnt/media_rw/sdcard0/
2026-06-18 00:31:12,095 I server_launcher.py:568 正在启动HTTP服务器...
2026-06-18 00:31:12,098 E server_launcher.py:375 FTP服务器运行异常: no such directory: '/mnt/media_rw/sdcard0/'
2026-06-18 00:31:12,103 I server_launcher.py:574 正在启动SOCKS服务器...
2026-06-18 00:31:12,118 I server_launcher.py:580 正在启动新闻下载器...
2026-06-18 00:31:12,123 I server_launcher.py:195 WebSocket服务器已启动在端口: 8889
2026-06-18 00:31:12,136 I server_launcher.py:584 新闻下载器已启动
2026-06-18 00:31:12,137 I server_launcher.py:586 服务器启动完成
2026-06-18 00:31:12,139 I server_launcher.py:596 启动完成，进入交互式控制台...
2026-06-18 00:31:12,142 I server_launcher.py:700 
可用命令:
    status          - 显示服务器CPU、内存、存储空间信息
    restart         - 重启服务器
    uptime          - 显示运行时间
    memory          - 显示内存使用情况
    cpu             - 显示CPU使用率
    disk/storage    - 显示存储空间使用情况
    exit/quit/stop  - 停止所有服务器并退出管理控制台
    help/?          - 显示此帮助信息
        
2026-06-18 00:32:12,513 I server_launcher.py:638 
系统资源使用情况:
    CPU使用率: 0.00%
存储空间使用情况:
    存储空间: 已用 31.68 GB / 42.95 GB (73.8%)
    剩余空间: 11.27 GB, 路径: D:\OneDrive\ServerLauncher\assets
2026-06-18 00:33:13,324 I server_launcher.py:638 
系统资源使用情况:
    CPU使用率: 0.00%
存储空间使用情况:
    存储空间: 已用 31.69 GB / 42.95 GB (73.8%)
    剩余空间: 11.26 GB, 路径: D:\OneDrive\ServerLauncher\assets
2026-06-19 00:33:21,769 I server_launcher.py:407 检测到日期切换: 18 -> 19，自动执行服务器重启...
2026-06-19 00:33:21,866 I server_launcher.py:642 正在重启服务器...
