2026-06-19 00:30:21,488 I server_launcher.py:535 开始启动所有服务器...
2026-06-19 00:30:21,497 I server_launcher.py:387 系统监控初始化，当前日期: 19
2026-06-19 00:30:21,499 I server_launcher.py:541 系统监控已启动
2026-06-19 00:30:21,501 I server_launcher.py:544 正在启动网页服务器 (文件浏览器+网页控制台+LocalProxy服务器)...
2026-06-19 00:30:21,505 I server_launcher.py:548 网页服务器已启动在端口: 8888, 控制台用户名: , 控制台密码: 230728; LocalProxy官网用户名: , LocalProxy官网密码: yshnb666
2026-06-19 00:30:21,514 I server_launcher.py:554 正在启动WebSocket服务器...
2026-06-19 00:30:21,540 I server_launcher.py:560 正在启动FTP服务器...
2026-06-19 00:30:21,596 I server_launcher.py:564 FTP服务器已启动在端口: 2121, 用户名: admin, 密码: 230728, 根目录: /, USB目录: /mnt/media_rw/sdcard0/
2026-06-19 00:30:21,611 I server_launcher.py:568 正在启动HTTP服务器...
2026-06-19 00:30:21,632 E server_launcher.py:375 FTP服务器运行异常: no such directory: '/mnt/media_rw/sdcard0/'
2026-06-19 00:30:21,640 I server_launcher.py:195 WebSocket服务器已启动在端口: 8889
2026-06-19 00:30:21,693 I server_launcher.py:574 正在启动SOCKS服务器...
2026-06-19 00:30:21,846 I server_launcher.py:580 正在启动新闻下载器...
2026-06-19 00:30:22,043 I server_launcher.py:584 新闻下载器已启动
2026-06-19 00:30:22,045 I server_launcher.py:586 服务器启动完成
2026-06-19 00:30:22,049 I server_launcher.py:596 启动完成，进入交互式控制台...
2026-06-19 00:30:22,075 I server_launcher.py:700 
可用命令:
    status          - 显示服务器CPU、内存、存储空间信息
    restart         - 重启服务器
    uptime          - 显示运行时间
    memory          - 显示内存使用情况
    cpu             - 显示CPU使用率
    disk/storage    - 显示存储空间使用情况
    exit/quit/stop  - 停止所有服务器并退出管理控制台
    help/?          - 显示此帮助信息
        
2026-06-18 00:30:59,963 I server_launcher.py:407 检测到日期切换: 19 -> 18，自动执行服务器重启...
2026-06-18 00:30:59,966 I server_launcher.py:642 正在重启服务器...
2026-06-19 00:33:28,077 I server_launcher.py:535 开始启动所有服务器...
2026-06-19 00:33:28,130 I server_launcher.py:387 系统监控初始化，当前日期: 19
2026-06-19 00:33:28,149 I server_launcher.py:541 系统监控已启动
2026-06-19 00:33:28,150 I server_launcher.py:544 正在启动网页服务器 (文件浏览器+网页控制台+LocalProxy服务器)...
2026-06-19 00:33:28,160 I server_launcher.py:548 网页服务器已启动在端口: 8888, 控制台用户名: , 控制台密码: 230728; LocalProxy官网用户名: , LocalProxy官网密码: yshnb666
2026-06-19 00:33:28,175 I server_launcher.py:554 正在启动WebSocket服务器...
2026-06-19 00:33:28,309 I server_launcher.py:560 正在启动FTP服务器...
2026-06-19 00:33:28,384 I server_launcher.py:195 WebSocket服务器已启动在端口: 8889
2026-06-19 00:33:28,565 I server_launcher.py:564 FTP服务器已启动在端口: 2121, 用户名: admin, 密码: 230728, 根目录: /, USB目录: /mnt/media_rw/sdcard0/
2026-06-19 00:33:28,578 I server_launcher.py:568 正在启动HTTP服务器...
2026-06-19 00:33:28,581 E server_launcher.py:375 FTP服务器运行异常: no such directory: '/mnt/media_rw/sdcard0/'
2026-06-19 00:33:28,600 I server_launcher.py:574 正在启动SOCKS服务器...
2026-06-19 00:33:28,718 I server_launcher.py:580 正在启动新闻下载器...
2026-06-19 00:33:28,914 I server_launcher.py:584 新闻下载器已启动
2026-06-19 00:33:28,927 I server_launcher.py:586 服务器启动完成
2026-06-19 00:33:28,932 I server_launcher.py:596 启动完成，进入交互式控制台...
2026-06-19 00:33:28,952 I server_launcher.py:700 
可用命令:
    status          - 显示服务器CPU、内存、存储空间信息
    restart         - 重启服务器
    uptime          - 显示运行时间
    memory          - 显示内存使用情况
    cpu             - 显示CPU使用率
    disk/storage    - 显示存储空间使用情况
    exit/quit/stop  - 停止所有服务器并退出管理控制台
    help/?          - 显示此帮助信息
        
2026-06-19 00:34:28,396 I server_launcher.py:638 
系统资源使用情况:
    CPU使用率: 0.00%
存储空间使用情况:
    存储空间: 已用 31.49 GB / 42.95 GB (73.3%)
    剩余空间: 11.46 GB, 路径: D:\OneDrive\ServerLauncher\assets
2026-06-19 00:35:28,466 I server_launcher.py:638 
系统资源使用情况:
    CPU使用率: 0.00%
存储空间使用情况:
    存储空间: 已用 31.49 GB / 42.95 GB (73.3%)
    剩余空间: 11.46 GB, 路径: D:\OneDrive\ServerLauncher\assets
2026-06-19 00:36:28,508 I server_launcher.py:638 
系统资源使用情况:
    CPU使用率: 0.00%
存储空间使用情况:
    存储空间: 已用 31.49 GB / 42.95 GB (73.3%)
    剩余空间: 11.46 GB, 路径: D:\OneDrive\ServerLauncher\assets
2026-06-19 00:37:28,549 I server_launcher.py:638 
系统资源使用情况:
    CPU使用率: 0.00%
存储空间使用情况:
    存储空间: 已用 31.49 GB / 42.95 GB (73.3%)
    剩余空间: 11.46 GB, 路径: D:\OneDrive\ServerLauncher\assets
2026-06-19 00:38:28,591 I server_launcher.py:638 
系统资源使用情况:
    CPU使用率: 0.00%
存储空间使用情况:
    存储空间: 已用 31.49 GB / 42.95 GB (73.3%)
    剩余空间: 11.46 GB, 路径: D:\OneDrive\ServerLauncher\assets
2026-06-19 00:39:13,730 I server_launcher.py:684 未知命令: cls
2026-06-19 00:39:13,731 I server_launcher.py:685 输入 'help' 查看可用命令
2026-06-19 00:39:21,546 I server_launcher.py:642 正在重启服务器...
2026-06-19 00:39:22,722 I server_launcher.py:535 开始启动所有服务器...
2026-06-19 00:39:22,725 I server_launcher.py:387 系统监控初始化，当前日期: 19
2026-06-19 00:39:22,726 I server_launcher.py:541 系统监控已启动
2026-06-19 00:39:22,727 I server_launcher.py:544 正在启动网页服务器 (文件浏览器+网页控制台+LocalProxy服务器)...
2026-06-19 00:39:22,732 I server_launcher.py:548 网页服务器已启动在端口: 8888, 控制台用户名: , 控制台密码: 230728; LocalProxy官网用户名: , LocalProxy官网密码: yshnb666
2026-06-19 00:39:22,733 I server_launcher.py:554 正在启动WebSocket服务器...
2026-06-19 00:39:22,754 I server_launcher.py:560 正在启动FTP服务器...
2026-06-19 00:39:22,757 I server_launcher.py:564 FTP服务器已启动在端口: 2121, 用户名: admin, 密码: 230728, 根目录: /, USB目录: /mnt/media_rw/sdcard0/
2026-06-19 00:39:22,759 I server_launcher.py:568 正在启动HTTP服务器...
2026-06-19 00:39:22,771 E server_launcher.py:375 FTP服务器运行异常: no such directory: '/mnt/media_rw/sdcard0/'
2026-06-19 00:39:22,773 I server_launcher.py:574 正在启动SOCKS服务器...
2026-06-19 00:39:22,777 I server_launcher.py:195 WebSocket服务器已启动在端口: 8889
2026-06-19 00:39:22,791 I server_launcher.py:580 正在启动新闻下载器...
2026-06-19 00:39:22,806 I server_launcher.py:584 新闻下载器已启动
2026-06-19 00:39:22,809 I server_launcher.py:586 服务器启动完成
2026-06-19 00:39:22,811 I server_launcher.py:596 启动完成，进入交互式控制台...
2026-06-19 00:39:22,813 I server_launcher.py:700 
可用命令:
    status          - 显示服务器CPU、内存、存储空间信息
    restart         - 重启服务器
    uptime          - 显示运行时间
    memory          - 显示内存使用情况
    cpu             - 显示CPU使用率
    disk/storage    - 显示存储空间使用情况
    exit/quit/stop  - 停止所有服务器并退出管理控制台
    help/?          - 显示此帮助信息
        
2026-06-19 00:39:44,226 I server_launcher.py:620 收到中断信号，正在停止...
2026-06-19 00:39:48,744 I server_launcher.py:535 开始启动所有服务器...
2026-06-19 00:39:48,748 I server_launcher.py:387 系统监控初始化，当前日期: 19
2026-06-19 00:39:48,749 I server_launcher.py:541 系统监控已启动
2026-06-19 00:39:48,750 I server_launcher.py:544 正在启动网页服务器 (文件浏览器+网页控制台+LocalProxy服务器)...
2026-06-19 00:39:48,753 I server_launcher.py:548 网页服务器已启动在端口: 8888, 控制台用户名: , 控制台密码: 230728; LocalProxy官网用户名: , LocalProxy官网密码: yshnb666
2026-06-19 00:39:48,754 I server_launcher.py:554 正在启动WebSocket服务器...
2026-06-19 00:39:48,775 I server_launcher.py:560 正在启动FTP服务器...
2026-06-19 00:39:48,816 I server_launcher.py:195 WebSocket服务器已启动在端口: 8889
2026-06-19 00:39:48,931 I server_launcher.py:564 FTP服务器已启动在端口: 2121, 用户名: admin, 密码: 230728, 根目录: /, USB目录: /mnt/media_rw/sdcard0/
2026-06-19 00:39:48,934 E server_launcher.py:375 FTP服务器运行异常: no such directory: '/mnt/media_rw/sdcard0/'
2026-06-19 00:39:48,947 I server_launcher.py:568 正在启动HTTP服务器...
2026-06-19 00:39:48,951 I server_launcher.py:574 正在启动SOCKS服务器...
2026-06-19 00:39:48,955 I server_launcher.py:580 正在启动新闻下载器...
2026-06-19 00:39:48,971 I server_launcher.py:584 新闻下载器已启动
2026-06-19 00:39:49,006 I server_launcher.py:586 服务器启动完成
2026-06-19 00:39:49,015 I server_launcher.py:596 启动完成，进入交互式控制台...
2026-06-19 00:39:49,021 I server_launcher.py:700 
可用命令:
    status          - 显示服务器CPU、内存、存储空间信息
    restart         - 重启服务器
    uptime          - 显示运行时间
    memory          - 显示内存使用情况
    cpu             - 显示CPU使用率
    disk/storage    - 显示存储空间使用情况
    exit/quit/stop  - 停止所有服务器并退出管理控制台
    help/?          - 显示此帮助信息
        
2026-06-19 00:40:48,807 I server_launcher.py:638 
系统资源使用情况:
    CPU使用率: 0.00%
存储空间使用情况:
    存储空间: 已用 31.49 GB / 42.95 GB (73.3%)
    剩余空间: 11.46 GB, 路径: D:\OneDrive\ServerLauncher\assets
2026-06-19 00:41:48,854 I server_launcher.py:638 
系统资源使用情况:
    CPU使用率: 0.00%
存储空间使用情况:
    存储空间: 已用 31.49 GB / 42.95 GB (73.3%)
    剩余空间: 11.46 GB, 路径: D:\OneDrive\ServerLauncher\assets
2026-06-19 00:42:49,071 I server_launcher.py:638 
系统资源使用情况:
    CPU使用率: 0.00%
存储空间使用情况:
    存储空间: 已用 31.49 GB / 42.95 GB (73.3%)
    剩余空间: 11.46 GB, 路径: D:\OneDrive\ServerLauncher\assets
2026-06-19 00:43:49,134 I server_launcher.py:638 
系统资源使用情况:
    CPU使用率: 0.00%
存储空间使用情况:
    存储空间: 已用 31.5 GB / 42.95 GB (73.3%)
    剩余空间: 11.46 GB, 路径: D:\OneDrive\ServerLauncher\assets
