2026-06-18 00:31:12,138 I news_downloader.py:506 下载器配置：输出目录 = D:\OneDrive\ServerLauncher\assets\服务器文件\新闻, 视频速度 = 1.8, 代理 = , 下载过去天数: 0, 最大线程数 = 1, 计划执行时间 = 16:00:00
2026-06-18 00:31:12,145 I news_downloader.py:478 开始执行下载任务，日期: 2026-06-18
2026-06-18 00:31:12,146 I news_downloader.py:355 开始处理 1 个视频
2026-06-18 00:31:12,149 I news_downloader.py:363 获取 2026年6月的节目数据...
2026-06-18 00:31:12,149 I news_downloader.py:85 正在获取 今日说法 的 2026年6月节目列表...
2026-06-18 00:31:12,564 I news_downloader.py:95 成功获取 今日说法 的 13 个节目
2026-06-18 00:31:12,565 I news_downloader.py:85 正在获取 新闻30分 的 2026年6月节目列表...
2026-06-18 00:31:12,928 I news_downloader.py:95 成功获取 新闻30分 的 18 个节目
2026-06-18 00:31:12,929 I news_downloader.py:124 总共获取到 18 天的节目信息
2026-06-18 00:31:12,932 I news_downloader.py:368 第一阶段：获取视频信息...
2026-06-18 00:31:12,934 I news_downloader.py:391 获取到 20260618 的视频信息: 《今日说法》 20260618 难逃法网
2026-06-18 00:31:12,935 I news_downloader.py:399 第二阶段：多线程下载视频...
2026-06-18 00:31:12,937 I news_downloader.py:171 开始下载 20260618 的 今日说法 视频, url: https://tv.cctv.com/2026/06/18/VIDEmh6M7dd2vjfGrnB6JPcF260618.shtml
2026-06-18 00:31:32,655 I news_downloader.py:201 20260618 视频下载完成: D:\OneDrive\ServerLauncher\assets\服务器文件\新闻\20260618 《今日说法》 20260618 难逃法网.temp_video.mp4
2026-06-18 00:31:32,661 I news_downloader.py:432 下载任务完成: 20260618
2026-06-18 00:31:32,662 I news_downloader.py:437 第三阶段：多线程处理视频...
2026-06-18 00:31:32,663 I news_downloader.py:340 开始处理 20260618 的视频
2026-06-18 00:31:32,669 I news_downloader.py:218 裁剪 20260618 视频中（移除前50秒和后30秒）...
2026-06-18 00:31:33,938 I news_downloader.py:261 ffmpeg裁剪命令执行成功（copy模式）
2026-06-18 00:31:33,938 I news_downloader.py:270 加速 20260618 视频中...
