2026-06-19 00:30:22,060 I news_downloader.py:506 下载器配置：输出目录 = D:\OneDrive\ServerLauncher\assets\服务器文件\新闻, 视频速度 = 1.8, 代理 = , 下载过去天数: 0, 最大线程数 = 1, 计划执行时间 = 16:00:00
2026-06-19 00:30:22,065 I news_downloader.py:478 开始执行下载任务，日期: 2026-06-19
2026-06-19 00:30:22,093 I news_downloader.py:355 开始处理 1 个视频
2026-06-19 00:30:22,105 I news_downloader.py:363 获取 2026年6月的节目数据...
2026-06-19 00:30:22,107 I news_downloader.py:85 正在获取 今日说法 的 2026年6月节目列表...
2026-06-19 00:30:22,789 I news_downloader.py:95 成功获取 今日说法 的 13 个节目
2026-06-19 00:30:22,793 I news_downloader.py:85 正在获取 新闻30分 的 2026年6月节目列表...
2026-06-19 00:30:23,413 I news_downloader.py:95 成功获取 新闻30分 的 18 个节目
2026-06-19 00:30:23,415 I news_downloader.py:124 总共获取到 18 天的节目信息
2026-06-19 00:30:23,417 I news_downloader.py:368 第一阶段：获取视频信息...
2026-06-19 00:30:23,429 I news_downloader.py:394 没有找到 20260619 的视频
2026-06-19 00:30:23,431 I news_downloader.py:399 第二阶段：多线程下载视频...
2026-06-19 00:30:23,432 I news_downloader.py:437 第三阶段：多线程处理视频...
2026-06-19 00:30:23,434 I news_downloader.py:467 任务执行完成，成功处理 0/0 个视频
2026-06-19 00:33:28,930 I news_downloader.py:506 下载器配置：输出目录 = D:\OneDrive\ServerLauncher\assets\服务器文件\新闻, 视频速度 = 1.8, 代理 = , 下载过去天数: 0, 最大线程数 = 1, 计划执行时间 = 16:00:00
2026-06-19 00:33:28,933 I news_downloader.py:478 开始执行下载任务，日期: 2026-06-19
2026-06-19 00:33:28,949 I news_downloader.py:355 开始处理 1 个视频
2026-06-19 00:33:28,977 I news_downloader.py:363 获取 2026年6月的节目数据...
2026-06-19 00:33:28,978 I news_downloader.py:85 正在获取 今日说法 的 2026年6月节目列表...
2026-06-19 00:33:30,585 I news_downloader.py:95 成功获取 今日说法 的 13 个节目
2026-06-19 00:33:30,613 I news_downloader.py:85 正在获取 新闻30分 的 2026年6月节目列表...
2026-06-19 00:33:31,777 I news_downloader.py:95 成功获取 新闻30分 的 18 个节目
2026-06-19 00:33:31,779 I news_downloader.py:124 总共获取到 18 天的节目信息
2026-06-19 00:33:31,784 I news_downloader.py:368 第一阶段：获取视频信息...
2026-06-19 00:33:31,793 I news_downloader.py:394 没有找到 20260619 的视频
2026-06-19 00:33:31,796 I news_downloader.py:399 第二阶段：多线程下载视频...
2026-06-19 00:33:31,797 I news_downloader.py:437 第三阶段：多线程处理视频...
2026-06-19 00:33:31,799 I news_downloader.py:467 任务执行完成，成功处理 0/0 个视频
2026-06-19 00:39:22,805 I news_downloader.py:506 下载器配置：输出目录 = D:\OneDrive\ServerLauncher\assets\服务器文件\新闻, 视频速度 = 1.8, 代理 = , 下载过去天数: 0, 最大线程数 = 1, 计划执行时间 = 16:00:00
2026-06-19 00:39:22,807 I news_downloader.py:478 开始执行下载任务，日期: 2026-06-19
2026-06-19 00:39:22,808 I news_downloader.py:355 开始处理 1 个视频
2026-06-19 00:39:22,819 I news_downloader.py:363 获取 2026年6月的节目数据...
2026-06-19 00:39:22,819 I news_downloader.py:85 正在获取 今日说法 的 2026年6月节目列表...
2026-06-19 00:39:23,325 I news_downloader.py:95 成功获取 今日说法 的 13 个节目
2026-06-19 00:39:23,326 I news_downloader.py:85 正在获取 新闻30分 的 2026年6月节目列表...
2026-06-19 00:39:23,809 I news_downloader.py:95 成功获取 新闻30分 的 18 个节目
2026-06-19 00:39:23,810 I news_downloader.py:124 总共获取到 18 天的节目信息
2026-06-19 00:39:23,813 I news_downloader.py:368 第一阶段：获取视频信息...
2026-06-19 00:39:23,816 I news_downloader.py:394 没有找到 20260619 的视频
2026-06-19 00:39:23,817 I news_downloader.py:399 第二阶段：多线程下载视频...
2026-06-19 00:39:23,818 I news_downloader.py:437 第三阶段：多线程处理视频...
2026-06-19 00:39:23,819 I news_downloader.py:467 任务执行完成，成功处理 0/0 个视频
2026-06-19 00:39:49,008 I news_downloader.py:506 下载器配置：输出目录 = D:\OneDrive\ServerLauncher\assets\..\..\服务器文件\新闻, 视频速度 = 1.8, 代理 = , 下载过去天数: 0, 最大线程数 = 1, 计划执行时间 = 16:00:00
2026-06-19 00:39:49,018 I news_downloader.py:478 开始执行下载任务，日期: 2026-06-19
2026-06-19 00:39:49,023 I news_downloader.py:355 开始处理 1 个视频
2026-06-19 00:39:49,027 I news_downloader.py:363 获取 2026年6月的节目数据...
2026-06-19 00:39:49,028 I news_downloader.py:85 正在获取 今日说法 的 2026年6月节目列表...
2026-06-19 00:39:49,635 I news_downloader.py:95 成功获取 今日说法 的 13 个节目
2026-06-19 00:39:49,637 I news_downloader.py:85 正在获取 新闻30分 的 2026年6月节目列表...
2026-06-19 00:39:50,485 I news_downloader.py:95 成功获取 新闻30分 的 18 个节目
2026-06-19 00:39:50,486 I news_downloader.py:124 总共获取到 18 天的节目信息
2026-06-19 00:39:50,491 I news_downloader.py:368 第一阶段：获取视频信息...
2026-06-19 00:39:50,495 I news_downloader.py:394 没有找到 20260619 的视频
2026-06-19 00:39:50,498 I news_downloader.py:399 第二阶段：多线程下载视频...
2026-06-19 00:39:50,499 I news_downloader.py:437 第三阶段：多线程处理视频...
2026-06-19 00:39:50,501 I news_downloader.py:467 任务执行完成，成功处理 0/0 个视频
